/home/hsb/CProj/Learning/boost/boost_1_79_0/tools/build/src/tools/features/warnings-feature.jam:27: in load
ERROR: rule "[[bbv2.builtin.features.warnings]]`warnings`::" unknown in module "warnings-feature".
/home/hsb/CProj/Learning/boost/boost_1_79_0/tools/build/src/kernel/modules.jam:294: in import
/home/hsb/CProj/Learning/boost/boost_1_79_0/tools/build/src/tools/features/__init_features__.jam:22: in load
/home/hsb/CProj/Learning/boost/boost_1_79_0/tools/build/src/kernel/modules.jam:294: in import
/home/hsb/CProj/Learning/boost/boost_1_79_0/tools/build/src/tools/builtin.jam:16: in load
/home/hsb/CProj/Learning/boost/boost_1_79_0/tools/build/src/kernel/modules.jam:294: in import
/home/hsb/CProj/Learning/boost/boost_1_79_0/tools/build/src/build-system.jam:12: in load
/home/hsb/CProj/Learning/boost/boost_1_79_0/tools/build/src/kernel/modules.jam:294: in import
/home/hsb/CProj/Learning/boost/boost_1_79_0/tools/build/src/kernel/bootstrap.jam:139: in boost-build
/home/hsb/CProj/Learning/boost/boost_1_79_0/boost-build.jam:17: in module scope
/home/hsb/CProj/Learning/boost/boost_1_79_0/tools/build/src/tools/features/warnings-feature.jam:27: in load
ERROR: rule "[[bbv2.builtin.features.warnings]]`warnings`::" unknown in module "warnings-feature".
/home/hsb/CProj/Learning/boost/boost_1_79_0/tools/build/src/kernel/modules.jam:294: in import
/home/hsb/CProj/Learning/boost/boost_1_79_0/tools/build/src/tools/features/__init_features__.jam:22: in load
/home/hsb/CProj/Learning/boost/boost_1_79_0/tools/build/src/kernel/modules.jam:294: in import
/home/hsb/CProj/Learning/boost/boost_1_79_0/tools/build/src/tools/builtin.jam:16: in load
/home/hsb/CProj/Learning/boost/boost_1_79_0/tools/build/src/kernel/modules.jam:294: in import
/home/hsb/CProj/Learning/boost/boost_1_79_0/tools/build/src/build-system.jam:12: in load
/home/hsb/CProj/Learning/boost/boost_1_79_0/tools/build/src/kernel/modules.jam:294: in import
/home/hsb/CProj/Learning/boost/boost_1_79_0/tools/build/src/kernel/bootstrap.jam:139: in boost-build
/home/hsb/CProj/Learning/boost/boost_1_79_0/boost-build.jam:17: in module scope
/home/hsb/CProj/Learning/boost/boost_1_79_0/tools/build/src/tools/features/warnings-feature.jam:27: in load
ERROR: rule "[[bbv2.builtin.features.warnings]]`warnings`::" unknown in module "warnings-feature".
/home/hsb/CProj/Learning/boost/boost_1_79_0/tools/build/src/kernel/modules.jam:294: in import
/home/hsb/CProj/Learning/boost/boost_1_79_0/tools/build/src/tools/features/__init_features__.jam:22: in load
/home/hsb/CProj/Learning/boost/boost_1_79_0/tools/build/src/kernel/modules.jam:294: in import
/home/hsb/CProj/Learning/boost/boost_1_79_0/tools/build/src/tools/builtin.jam:16: in load
/home/hsb/CProj/Learning/boost/boost_1_79_0/tools/build/src/kernel/modules.jam:294: in import
/home/hsb/CProj/Learning/boost/boost_1_79_0/tools/build/src/build-system.jam:12: in load
/home/hsb/CProj/Learning/boost/boost_1_79_0/tools/build/src/kernel/modules.jam:294: in import
/home/hsb/CProj/Learning/boost/boost_1_79_0/tools/build/src/kernel/bootstrap.jam:139: in boost-build
/home/hsb/CProj/Learning/boost/boost_1_79_0/boost-build.jam:17: in module scope
/home/hsb/CProj/Learning/boost/boost_1_79_0/tools/build/src/tools/features/warnings-feature.jam:27: in load
ERROR: rule "[[bbv2.builtin.features.warnings]]`warnings`::" unknown in module "warnings-feature".
/home/hsb/CProj/Learning/boost/boost_1_79_0/tools/build/src/kernel/modules.jam:294: in import
/home/hsb/CProj/Learning/boost/boost_1_79_0/tools/build/src/tools/features/__init_features__.jam:22: in load
/home/hsb/CProj/Learning/boost/boost_1_79_0/tools/build/src/kernel/modules.jam:294: in import
/home/hsb/CProj/Learning/boost/boost_1_79_0/tools/build/src/tools/builtin.jam:16: in load
/home/hsb/CProj/Learning/boost/boost_1_79_0/tools/build/src/kernel/modules.jam:294: in import
/home/hsb/CProj/Learning/boost/boost_1_79_0/tools/build/src/build-system.jam:12: in load
/home/hsb/CProj/Learning/boost/boost_1_79_0/tools/build/src/kernel/modules.jam:294: in import
/home/hsb/CProj/Learning/boost/boost_1_79_0/tools/build/src/kernel/bootstrap.jam:139: in boost-build
/home/hsb/CProj/Learning/boost/boost_1_79_0/boost-build.jam:17: in module scope
/home/hsb/CProj/Learning/boost/boost_1_79_0/tools/build/src/tools/features/warnings-feature.jam:27: in load
ERROR: rule "[[bbv2.builtin.features.warnings]]`warnings`::" unknown in module "warnings-feature".
/home/hsb/CProj/Learning/boost/boost_1_79_0/tools/build/src/kernel/modules.jam:294: in import
/home/hsb/CProj/Learning/boost/boost_1_79_0/tools/build/src/tools/features/__init_features__.jam:22: in load
/home/hsb/CProj/Learning/boost/boost_1_79_0/tools/build/src/kernel/modules.jam:294: in import
/home/hsb/CProj/Learning/boost/boost_1_79_0/tools/build/src/tools/builtin.jam:16: in load
/home/hsb/CProj/Learning/boost/boost_1_79_0/tools/build/src/kernel/modules.jam:294: in import
/home/hsb/CProj/Learning/boost/boost_1_79_0/tools/build/src/build-system.jam:12: in load
/home/hsb/CProj/Learning/boost/boost_1_79_0/tools/build/src/kernel/modules.jam:294: in import
/home/hsb/CProj/Learning/boost/boost_1_79_0/tools/build/src/kernel/bootstrap.jam:139: in boost-build
/home/hsb/CProj/Learning/boost/boost_1_79_0/boost-build.jam:17: in module scope
/home/hsb/CProj/Learning/boost/boost_1_79_0/tools/build/src/tools/features/warnings-feature.jam:27: in load
ERROR: rule "[[bbv2.builtin.features.warnings]]`warnings`::" unknown in module "warnings-feature".
/home/hsb/CProj/Learning/boost/boost_1_79_0/tools/build/src/kernel/modules.jam:294: in import
/home/hsb/CProj/Learning/boost/boost_1_79_0/tools/build/src/tools/features/__init_features__.jam:22: in load
/home/hsb/CProj/Learning/boost/boost_1_79_0/tools/build/src/kernel/modules.jam:294: in import
/home/hsb/CProj/Learning/boost/boost_1_79_0/tools/build/src/tools/builtin.jam:16: in load
/home/hsb/CProj/Learning/boost/boost_1_79_0/tools/build/src/kernel/modules.jam:294: in import
/home/hsb/CProj/Learning/boost/boost_1_79_0/tools/build/src/build-system.jam:12: in load
/home/hsb/CProj/Learning/boost/boost_1_79_0/tools/build/src/kernel/modules.jam:294: in import
/home/hsb/CProj/Learning/boost/boost_1_79_0/tools/build/src/kernel/bootstrap.jam:139: in boost-build
/home/hsb/CProj/Learning/boost/boost_1_79_0/boost-build.jam:17: in module scope
/home/hsb/CProj/Learning/boost/boost_1_79_0/tools/build/src/tools/features/warnings-feature.jam:27: in load
ERROR: rule "[[bbv2.builtin.features.warnings]]`warnings`::" unknown in module "warnings-feature".
/home/hsb/CProj/Learning/boost/boost_1_79_0/tools/build/src/kernel/modules.jam:294: in import
/home/hsb/CProj/Learning/boost/boost_1_79_0/tools/build/src/tools/features/__init_features__.jam:22: in load
/home/hsb/CProj/Learning/boost/boost_1_79_0/tools/build/src/kernel/modules.jam:294: in import
/home/hsb/CProj/Learning/boost/boost_1_79_0/tools/build/src/tools/builtin.jam:16: in load
/home/hsb/CProj/Learning/boost/boost_1_79_0/tools/build/src/kernel/modules.jam:294: in import
/home/hsb/CProj/Learning/boost/boost_1_79_0/tools/build/src/build-system.jam:12: in load
/home/hsb/CProj/Learning/boost/boost_1_79_0/tools/build/src/kernel/modules.jam:294: in import
/home/hsb/CProj/Learning/boost/boost_1_79_0/tools/build/src/kernel/bootstrap.jam:139: in boost-build
/home/hsb/CProj/Learning/boost/boost_1_79_0/boost-build.jam:17: in module scope
/home/hsb/CProj/Learning/boost/boost_1_79_0/tools/build/src/tools/features/warnings-feature.jam:27: in load
ERROR: rule "[[bbv2.builtin.features.warnings]]`warnings`::" unknown in module "warnings-feature".
/home/hsb/CProj/Learning/boost/boost_1_79_0/tools/build/src/kernel/modules.jam:294: in import
/home/hsb/CProj/Learning/boost/boost_1_79_0/tools/build/src/tools/features/__init_features__.jam:22: in load
/home/hsb/CProj/Learning/boost/boost_1_79_0/tools/build/src/kernel/modules.jam:294: in import
/home/hsb/CProj/Learning/boost/boost_1_79_0/tools/build/src/tools/builtin.jam:16: in load
/home/hsb/CProj/Learning/boost/boost_1_79_0/tools/build/src/kernel/modules.jam:294: in import
/home/hsb/CProj/Learning/boost/boost_1_79_0/tools/build/src/build-system.jam:12: in load
/home/hsb/CProj/Learning/boost/boost_1_79_0/tools/build/src/kernel/modules.jam:294: in import
/home/hsb/CProj/Learning/boost/boost_1_79_0/tools/build/src/kernel/bootstrap.jam:139: in boost-build
/home/hsb/CProj/Learning/boost/boost_1_79_0/boost-build.jam:17: in module scope
/home/hsb/CProj/Learning/boost/boost_1_79_0/tools/build/src/tools/features/warnings-feature.jam:27: in load
ERROR: rule "[[bbv2.builtin.features.warnings]]`warnings`::" unknown in module "warnings-feature".
/home/hsb/CProj/Learning/boost/boost_1_79_0/tools/build/src/kernel/modules.jam:294: in import
/home/hsb/CProj/Learning/boost/boost_1_79_0/tools/build/src/tools/features/__init_features__.jam:22: in load
/home/hsb/CProj/Learning/boost/boost_1_79_0/tools/build/src/kernel/modules.jam:294: in import
/home/hsb/CProj/Learning/boost/boost_1_79_0/tools/build/src/tools/builtin.jam:16: in load
/home/hsb/CProj/Learning/boost/boost_1_79_0/tools/build/src/kernel/modules.jam:294: in import
/home/hsb/CProj/Learning/boost/boost_1_79_0/tools/build/src/build-system.jam:12: in load
/home/hsb/CProj/Learning/boost/boost_1_79_0/tools/build/src/kernel/modules.jam:294: in import
/home/hsb/CProj/Learning/boost/boost_1_79_0/tools/build/src/kernel/bootstrap.jam:139: in boost-build
/home/hsb/CProj/Learning/boost/boost_1_79_0/boost-build.jam:17: in module scope
performance:-1: warning: multiple use of section label 'performance', (first occurrence: /home/hsb/CProj/Learning/boost/boost_1_79_0/libs/geometry/doc/doxy/doxygen_input/pages/doxygen_pages.hpp, line 152)
/home/hsb/CProj/Learning/boost/boost_1_79_0/boost/geometry/io/wkt/write.hpp:584: warning: argument 'significant_digits' of command @param is not found in the argument list of boost::geometry::to_wkt(Geometry const &geometry)
/home/hsb/CProj/Learning/boost/boost_1_79_0/boost/geometry/algorithms/detail/overlay/get_turns.hpp:1078: warning: argument 'intersection_strategy' of command @param is not found in the argument list of boost::geometry::get_turns(Geometry1 const &geometry1, Geometry2 const &geometry2, Strategy const &strategy, RobustPolicy const &robust_policy, Turns &turns, InterruptPolicy &interrupt_policy)
/home/hsb/CProj/Learning/boost/boost_1_79_0/boost/geometry/algorithms/detail/overlay/get_turns.hpp:1102: warning: The following parameters of boost::geometry::get_turns(Geometry1 const &geometry1, Geometry2 const &geometry2, Strategy const &strategy, RobustPolicy const &robust_policy, Turns &turns, InterruptPolicy &interrupt_policy) are not documented:
  parameter 'strategy'
/home/hsb/CProj/Learning/boost/boost_1_79_0/boost/geometry/algorithms/detail/sections/sectionalize.hpp:864: warning: argument 'expand_strategy' of command @param is not found in the argument list of boost::geometry::sectionalize(Geometry const &geometry, RobustPolicy const &robust_policy, Sections &sections, Strategy const &strategy, int source_index=0, std::size_t max_count=10)
/home/hsb/CProj/Learning/boost/boost_1_79_0/boost/geometry/algorithms/detail/overlay/get_turns.hpp:1078: warning: argument 'intersection_strategy' of command @param is not found in the argument list of boost::geometry::get_turns(Geometry1 const &geometry1, Geometry2 const &geometry2, Strategy const &strategy, RobustPolicy const &robust_policy, Turns &turns, InterruptPolicy &interrupt_policy)
/home/hsb/CProj/Learning/boost/boost_1_79_0/boost/geometry/algorithms/detail/overlay/get_turns.hpp:1102: warning: The following parameters of boost::geometry::get_turns(Geometry1 const &geometry1, Geometry2 const &geometry2, Strategy const &strategy, RobustPolicy const &robust_policy, Turns &turns, InterruptPolicy &interrupt_policy) are not documented:
  parameter 'strategy'
/home/hsb/CProj/Learning/boost/boost_1_79_0/boost/geometry/algorithms/detail/sections/sectionalize.hpp:864: warning: argument 'expand_strategy' of command @param is not found in the argument list of boost::geometry::sectionalize(Geometry const &geometry, RobustPolicy const &robust_policy, Sections &sections, Strategy const &strategy, int source_index=0, std::size_t max_count=10)
/home/hsb/CProj/Learning/boost/boost_1_79_0/boost/geometry/io/wkt/write.hpp:584: warning: argument 'significant_digits' of command @param is not found in the argument list of boost::geometry::to_wkt(Geometry const &geometry)
/home/hsb/CProj/Learning/boost/boost_1_79_0/boost/geometry/io/wkt/write.hpp:584: warning: argument 'significant_digits' of command @param is not found in the argument list of boost::geometry::to_wkt(Geometry const &geometry)
sh: 1: doxygen_xml2qbk: not found
Boost.Geometry is making .qbk files in /home/hsb/CProj/Learning/boost/boost_1_79_0/libs/geometry/doc
Boost.Geometry is cleaning Doxygen files in /home/hsb/CProj/Learning/boost/boost_1_79_0/libs/geometry/doc/doxy/doxygen_output/xml/
Traceback (most recent call last):
  File "./make_qbk.py", line 163, in <module>
    group_to_quickbook(i)
  File "./make_qbk.py", line 64, in group_to_quickbook
    run_command(cmd % ("group__" + section.replace("_", "__"), section))
  File "./make_qbk.py", line 49, in run_command
    raise Exception("Error running %s" % command)
Exception: Error running doxygen_xml2qbk --xml doxy/doxygen_output/xml/group__append.xml --start_include boost/geometry/ --convenience_header_path ../../../boost/geometry/ --convenience_headers geometry.hpp,geometries/geometries.hpp --skip_namespace boost::geometry:: --copyright src/copyright_block.qbk --output_member_variables false > generated/append.qbk
/home/hsb/CProj/Learning/boost/boost_1_79_0/tools/build/src/tools/features/warnings-feature.jam:27: in load
ERROR: rule "[[bbv2.builtin.features.warnings]]`warnings`::" unknown in module "warnings-feature".
/home/hsb/CProj/Learning/boost/boost_1_79_0/tools/build/src/kernel/modules.jam:294: in import
/home/hsb/CProj/Learning/boost/boost_1_79_0/tools/build/src/tools/features/__init_features__.jam:22: in load
/home/hsb/CProj/Learning/boost/boost_1_79_0/tools/build/src/kernel/modules.jam:294: in import
/home/hsb/CProj/Learning/boost/boost_1_79_0/tools/build/src/tools/builtin.jam:16: in load
/home/hsb/CProj/Learning/boost/boost_1_79_0/tools/build/src/kernel/modules.jam:294: in import
/home/hsb/CProj/Learning/boost/boost_1_79_0/tools/build/src/build-system.jam:12: in load
/home/hsb/CProj/Learning/boost/boost_1_79_0/tools/build/src/kernel/modules.jam:294: in import
/home/hsb/CProj/Learning/boost/boost_1_79_0/tools/build/src/kernel/bootstrap.jam:139: in boost-build
/home/hsb/CProj/Learning/boost/boost_1_79_0/boost-build.jam:17: in module scope
